<?xml version="1.0" encoding="UTF-8"?>
<testng-results ignored="0" total="13" passed="12" failed="1" skipped="0">
  <reporter-output>
  </reporter-output>
  <suite started-at="2023-09-03T23:53:58 IST" name="Suite" finished-at="2023-09-04T00:04:23 IST" duration-ms="625126">
    <groups>
    </groups>
    <test started-at="2023-09-03T23:53:58 IST" name="Test" finished-at="2023-09-04T00:04:23 IST" duration-ms="625126">
      <class name="testPkg.AdminTest">
        <test-method is-config="true" signature="setup()[pri:0, instance:testPkg.AdminTest@3f4faf53]" started-at="2023-09-03T23:58:02 IST" name="setup" finished-at="2023-09-03T23:58:08 IST" duration-ms="5307" status="PASS">
          <reporter-output>
          </reporter-output>
        </test-method> <!-- setup -->
        <test-method signature="AdminUsersearch()[pri:7, instance:testPkg.AdminTest@3f4faf53]" started-at="2023-09-03T23:58:08 IST" name="AdminUsersearch" finished-at="2023-09-03T23:59:14 IST" duration-ms="65868" status="PASS">
          <reporter-output>
          </reporter-output>
        </test-method> <!-- AdminUsersearch -->
        <test-method is-config="true" signature="TestFailure(org.testng.ITestResult)[pri:0, instance:testPkg.AdminTest@3f4faf53]" started-at="2023-09-03T23:59:14 IST" name="TestFailure" finished-at="2023-09-03T23:59:14 IST" duration-ms="11" status="PASS">
          <params>
            <param index="0">
              <value>
                <![CDATA[[TestResult name=AdminUsersearch status=SUCCESS method=AdminTest.AdminUsersearch()[pri:7, instance:testPkg.AdminTest@3f4faf53] output={null}]]]>
              </value>
            </param>
          </params>
          <reporter-output>
          </reporter-output>
        </test-method> <!-- TestFailure -->
        <test-method is-config="true" signature="SiteClose()[pri:0, instance:testPkg.AdminTest@3f4faf53]" started-at="2023-09-03T23:59:14 IST" name="SiteClose" finished-at="2023-09-03T23:59:14 IST" duration-ms="195" status="PASS">
          <reporter-output>
          </reporter-output>
        </test-method> <!-- SiteClose -->
      </class> <!-- testPkg.AdminTest -->
      <class name="testPkg.LoginTest">
        <test-method is-config="true" signature="setup()[pri:0, instance:testPkg.LoginTest@302c971f]" started-at="2023-09-03T23:54:41 IST" name="setup" finished-at="2023-09-03T23:54:50 IST" duration-ms="9119" status="PASS">
          <reporter-output>
          </reporter-output>
        </test-method> <!-- setup -->
        <test-method signature="verifyLogin()[pri:6, instance:testPkg.LoginTest@302c971f]" started-at="2023-09-03T23:54:50 IST" name="verifyLogin" finished-at="2023-09-03T23:58:02 IST" duration-ms="191819" status="PASS">
          <reporter-output>
          </reporter-output>
        </test-method> <!-- verifyLogin -->
        <test-method is-config="true" signature="TestFailure(org.testng.ITestResult)[pri:0, instance:testPkg.LoginTest@302c971f]" started-at="2023-09-03T23:58:02 IST" name="TestFailure" finished-at="2023-09-03T23:58:02 IST" duration-ms="0" status="PASS">
          <params>
            <param index="0">
              <value>
                <![CDATA[[TestResult name=verifyLogin status=SUCCESS method=LoginTest.verifyLogin()[pri:6, instance:testPkg.LoginTest@302c971f] output={null}]]]>
              </value>
            </param>
          </params>
          <reporter-output>
          </reporter-output>
        </test-method> <!-- TestFailure -->
        <test-method is-config="true" signature="SiteClose()[pri:0, instance:testPkg.LoginTest@302c971f]" started-at="2023-09-03T23:58:02 IST" name="SiteClose" finished-at="2023-09-03T23:58:02 IST" duration-ms="254" status="PASS">
          <reporter-output>
          </reporter-output>
        </test-method> <!-- SiteClose -->
      </class> <!-- testPkg.LoginTest -->
      <class name="testPkg.PimTest">
        <test-method is-config="true" signature="setup()[pri:0, instance:testPkg.PimTest@7fd50002]" started-at="2023-09-03T23:59:14 IST" name="setup" finished-at="2023-09-03T23:59:19 IST" duration-ms="5707" status="PASS">
          <reporter-output>
          </reporter-output>
        </test-method> <!-- setup -->
        <test-method signature="PIMaddEmp()[pri:8, instance:testPkg.PimTest@7fd50002]" started-at="2023-09-03T23:59:19 IST" name="PIMaddEmp" finished-at="2023-09-04T00:00:39 IST" duration-ms="79920" status="PASS">
          <reporter-output>
          </reporter-output>
        </test-method> <!-- PIMaddEmp -->
        <test-method signature="PersonalDetailsAdd()[pri:9, instance:testPkg.PimTest@7fd50002]" started-at="2023-09-04T00:00:39 IST" name="PersonalDetailsAdd" finished-at="2023-09-04T00:01:34 IST" duration-ms="54765" status="PASS">
          <reporter-output>
          </reporter-output>
        </test-method> <!-- PersonalDetailsAdd -->
        <test-method is-config="true" signature="TestFailure(org.testng.ITestResult)[pri:0, instance:testPkg.PimTest@7fd50002]" started-at="2023-09-04T00:00:39 IST" name="TestFailure" finished-at="2023-09-04T00:00:39 IST" duration-ms="0" status="PASS">
          <params>
            <param index="0">
              <value>
                <![CDATA[[TestResult name=PIMaddEmp status=SUCCESS method=PimTest.PIMaddEmp()[pri:8, instance:testPkg.PimTest@7fd50002] output={null}]]]>
              </value>
            </param>
          </params>
          <reporter-output>
          </reporter-output>
        </test-method> <!-- TestFailure -->
        <test-method is-config="true" signature="TestFailure(org.testng.ITestResult)[pri:0, instance:testPkg.PimTest@7fd50002]" started-at="2023-09-04T00:01:34 IST" name="TestFailure" finished-at="2023-09-04T00:01:34 IST" duration-ms="4" status="PASS">
          <params>
            <param index="0">
              <value>
                <![CDATA[[TestResult name=PersonalDetailsAdd status=SUCCESS method=PimTest.PersonalDetailsAdd()[pri:9, instance:testPkg.PimTest@7fd50002] output={null}]]]>
              </value>
            </param>
          </params>
          <reporter-output>
          </reporter-output>
        </test-method> <!-- TestFailure -->
        <test-method signature="SearchNewEmployee()[pri:10, instance:testPkg.PimTest@7fd50002]" started-at="2023-09-04T00:01:34 IST" name="SearchNewEmployee" finished-at="2023-09-04T00:02:23 IST" duration-ms="49330" status="PASS">
          <reporter-output>
          </reporter-output>
        </test-method> <!-- SearchNewEmployee -->
        <test-method signature="DeleteEmployee()[pri:11, instance:testPkg.PimTest@7fd50002]" started-at="2023-09-04T00:02:23 IST" name="DeleteEmployee" finished-at="2023-09-04T00:03:04 IST" duration-ms="40955" status="PASS">
          <reporter-output>
          </reporter-output>
        </test-method> <!-- DeleteEmployee -->
        <test-method is-config="true" signature="TestFailure(org.testng.ITestResult)[pri:0, instance:testPkg.PimTest@7fd50002]" started-at="2023-09-04T00:02:23 IST" name="TestFailure" finished-at="2023-09-04T00:02:23 IST" duration-ms="0" status="PASS">
          <params>
            <param index="0">
              <value>
                <![CDATA[[TestResult name=SearchNewEmployee status=SUCCESS method=PimTest.SearchNewEmployee()[pri:10, instance:testPkg.PimTest@7fd50002] output={null}]]]>
              </value>
            </param>
          </params>
          <reporter-output>
          </reporter-output>
        </test-method> <!-- TestFailure -->
        <test-method is-config="true" signature="TestFailure(org.testng.ITestResult)[pri:0, instance:testPkg.PimTest@7fd50002]" started-at="2023-09-04T00:03:04 IST" name="TestFailure" finished-at="2023-09-04T00:03:04 IST" duration-ms="0" status="PASS">
          <params>
            <param index="0">
              <value>
                <![CDATA[[TestResult name=DeleteEmployee status=SUCCESS method=PimTest.DeleteEmployee()[pri:11, instance:testPkg.PimTest@7fd50002] output={null}]]]>
              </value>
            </param>
          </params>
          <reporter-output>
          </reporter-output>
        </test-method> <!-- TestFailure -->
        <test-method is-config="true" signature="SiteClose()[pri:0, instance:testPkg.PimTest@7fd50002]" started-at="2023-09-04T00:03:04 IST" name="SiteClose" finished-at="2023-09-04T00:03:05 IST" duration-ms="268" status="PASS">
          <reporter-output>
          </reporter-output>
        </test-method> <!-- SiteClose -->
      </class> <!-- testPkg.PimTest -->
      <class name="testPkg.LogOutTest">
        <test-method is-config="true" signature="setup()[pri:0, instance:testPkg.LogOutTest@533bda92]" started-at="2023-09-04T00:03:05 IST" name="setup" finished-at="2023-09-04T00:03:15 IST" duration-ms="10492" status="PASS">
          <reporter-output>
          </reporter-output>
        </test-method> <!-- setup -->
        <test-method signature="logout()[pri:12, instance:testPkg.LogOutTest@533bda92]" started-at="2023-09-04T00:03:15 IST" name="logout" finished-at="2023-09-04T00:03:56 IST" duration-ms="40567" status="PASS">
          <reporter-output>
          </reporter-output>
        </test-method> <!-- logout -->
        <test-method is-config="true" signature="SiteClose()[pri:0, instance:testPkg.LogOutTest@533bda92]" started-at="2023-09-04T00:03:56 IST" name="SiteClose" finished-at="2023-09-04T00:03:56 IST" duration-ms="298" status="PASS">
          <reporter-output>
          </reporter-output>
        </test-method> <!-- SiteClose -->
        <test-method is-config="true" signature="TestFailure(org.testng.ITestResult)[pri:0, instance:testPkg.LogOutTest@533bda92]" started-at="2023-09-04T00:03:56 IST" name="TestFailure" finished-at="2023-09-04T00:03:56 IST" duration-ms="0" status="PASS">
          <params>
            <param index="0">
              <value>
                <![CDATA[[TestResult name=logout status=SUCCESS method=LogOutTest.logout()[pri:12, instance:testPkg.LogOutTest@533bda92] output={null}]]]>
              </value>
            </param>
          </params>
          <reporter-output>
          </reporter-output>
        </test-method> <!-- TestFailure -->
      </class> <!-- testPkg.LogOutTest -->
      <class name="testPkg.IndexTest$Testclass">
        <test-method is-config="true" signature="setup()[pri:0, instance:testPkg.IndexTest$Testclass@2a693f59]" started-at="2023-09-03T23:53:58 IST" name="setup" finished-at="2023-09-03T23:54:14 IST" duration-ms="15492" status="PASS">
          <reporter-output>
          </reporter-output>
        </test-method> <!-- setup -->
        <test-method signature="LogoCheckOnIndexPage()[pri:1, instance:testPkg.IndexTest$Testclass@2a693f59]" started-at="2023-09-03T23:54:14 IST" name="LogoCheckOnIndexPage" finished-at="2023-09-03T23:54:22 IST" duration-ms="8061" status="PASS">
          <reporter-output>
          </reporter-output>
        </test-method> <!-- LogoCheckOnIndexPage -->
        <test-method is-config="true" signature="TestFailure(org.testng.ITestResult)[pri:0, instance:testPkg.IndexTest$Testclass@2a693f59]" started-at="2023-09-03T23:54:22 IST" name="TestFailure" finished-at="2023-09-03T23:54:22 IST" duration-ms="1" status="PASS">
          <params>
            <param index="0">
              <value>
                <![CDATA[[TestResult name=LogoCheckOnIndexPage status=SUCCESS method=IndexTest$Testclass.LogoCheckOnIndexPage()[pri:1, instance:testPkg.IndexTest$Testclass@2a693f59] output={null}]]]>
              </value>
            </param>
          </params>
          <reporter-output>
          </reporter-output>
        </test-method> <!-- TestFailure -->
        <test-method signature="LogoAndNameOnIndexPage()[pri:2, instance:testPkg.IndexTest$Testclass@2a693f59]" started-at="2023-09-03T23:54:22 IST" name="LogoAndNameOnIndexPage" finished-at="2023-09-03T23:54:29 IST" duration-ms="7063" status="PASS">
          <reporter-output>
          </reporter-output>
        </test-method> <!-- LogoAndNameOnIndexPage -->
        <test-method is-config="true" signature="TestFailure(org.testng.ITestResult)[pri:0, instance:testPkg.IndexTest$Testclass@2a693f59]" started-at="2023-09-03T23:54:29 IST" name="TestFailure" finished-at="2023-09-03T23:54:29 IST" duration-ms="1" status="PASS">
          <params>
            <param index="0">
              <value>
                <![CDATA[[TestResult name=LogoAndNameOnIndexPage status=SUCCESS method=IndexTest$Testclass.LogoAndNameOnIndexPage()[pri:2, instance:testPkg.IndexTest$Testclass@2a693f59] output={null}]]]>
              </value>
            </param>
          </params>
          <reporter-output>
          </reporter-output>
        </test-method> <!-- TestFailure -->
        <test-method signature="PageTitleCheck()[pri:3, instance:testPkg.IndexTest$Testclass@2a693f59]" started-at="2023-09-03T23:54:29 IST" name="PageTitleCheck" finished-at="2023-09-03T23:54:29 IST" duration-ms="20" status="PASS">
          <reporter-output>
          </reporter-output>
        </test-method> <!-- PageTitleCheck -->
        <test-method is-config="true" signature="TestFailure(org.testng.ITestResult)[pri:0, instance:testPkg.IndexTest$Testclass@2a693f59]" started-at="2023-09-03T23:54:29 IST" name="TestFailure" finished-at="2023-09-03T23:54:29 IST" duration-ms="0" status="PASS">
          <params>
            <param index="0">
              <value>
                <![CDATA[[TestResult name=PageTitleCheck status=SUCCESS method=IndexTest$Testclass.PageTitleCheck()[pri:3, instance:testPkg.IndexTest$Testclass@2a693f59] output={null}]]]>
              </value>
            </param>
          </params>
          <reporter-output>
          </reporter-output>
        </test-method> <!-- TestFailure -->
        <test-method signature="PageTextsCheck()[pri:4, instance:testPkg.IndexTest$Testclass@2a693f59]" started-at="2023-09-03T23:54:29 IST" name="PageTextsCheck" finished-at="2023-09-03T23:54:29 IST" duration-ms="27" status="PASS">
          <reporter-output>
          </reporter-output>
        </test-method> <!-- PageTextsCheck -->
        <test-method is-config="true" signature="TestFailure(org.testng.ITestResult)[pri:0, instance:testPkg.IndexTest$Testclass@2a693f59]" started-at="2023-09-03T23:54:29 IST" name="TestFailure" finished-at="2023-09-03T23:54:29 IST" duration-ms="2" status="PASS">
          <params>
            <param index="0">
              <value>
                <![CDATA[[TestResult name=PageTextsCheck status=SUCCESS method=IndexTest$Testclass.PageTextsCheck()[pri:4, instance:testPkg.IndexTest$Testclass@2a693f59] output={null}]]]>
              </value>
            </param>
          </params>
          <reporter-output>
          </reporter-output>
        </test-method> <!-- TestFailure -->
        <test-method signature="LinksOnIndexPage()[pri:5, instance:testPkg.IndexTest$Testclass@2a693f59]" started-at="2023-09-03T23:54:29 IST" name="LinksOnIndexPage" finished-at="2023-09-03T23:54:41 IST" duration-ms="11971" status="PASS">
          <reporter-output>
          </reporter-output>
        </test-method> <!-- LinksOnIndexPage -->
        <test-method is-config="true" signature="TestFailure(org.testng.ITestResult)[pri:0, instance:testPkg.IndexTest$Testclass@2a693f59]" started-at="2023-09-03T23:54:41 IST" name="TestFailure" finished-at="2023-09-03T23:54:41 IST" duration-ms="0" status="PASS">
          <params>
            <param index="0">
              <value>
                <![CDATA[[TestResult name=LinksOnIndexPage status=SUCCESS method=IndexTest$Testclass.LinksOnIndexPage()[pri:5, instance:testPkg.IndexTest$Testclass@2a693f59] output={null}]]]>
              </value>
            </param>
          </params>
          <reporter-output>
          </reporter-output>
        </test-method> <!-- TestFailure -->
        <test-method is-config="true" signature="SiteClose()[pri:0, instance:testPkg.IndexTest$Testclass@2a693f59]" started-at="2023-09-03T23:54:41 IST" name="SiteClose" finished-at="2023-09-03T23:54:41 IST" duration-ms="281" status="PASS">
          <reporter-output>
          </reporter-output>
        </test-method> <!-- SiteClose -->
      </class> <!-- testPkg.IndexTest$Testclass -->
      <class name="testPkg.UserNameTest">
        <test-method is-config="true" signature="setup()[pri:0, instance:testPkg.UserNameTest@304bb45b]" started-at="2023-09-04T00:03:56 IST" name="setup" finished-at="2023-09-04T00:04:05 IST" duration-ms="9001" status="PASS">
          <reporter-output>
          </reporter-output>
        </test-method> <!-- setup -->
        <test-method signature="UserNameCheck()[pri:13, instance:testPkg.UserNameTest@304bb45b]" started-at="2023-09-04T00:04:05 IST" name="UserNameCheck" finished-at="2023-09-04T00:04:23 IST" duration-ms="17714" status="FAIL">
          <exception class="java.lang.AssertionError">
            <message>
              <![CDATA[Username is not case sensitive expected [https://opensource-demo.orangehrmlive.com/web/index.php/auth/login] but found [https://opensource-demo.orangehrmlive.com/web/index.php/dashboard/index]]]>
            </message>
            <full-stacktrace>
              <![CDATA[java.lang.AssertionError: Username is not case sensitive expected [https://opensource-demo.orangehrmlive.com/web/index.php/auth/login] but found [https://opensource-demo.orangehrmlive.com/web/index.php/dashboard/index]
at org.testng.Assert.fail(Assert.java:111)
at org.testng.Assert.failNotEquals(Assert.java:1578)
at org.testng.Assert.assertEqualsImpl(Assert.java:150)
at org.testng.Assert.assertEquals(Assert.java:132)
at org.testng.Assert.assertEquals(Assert.java:656)
at testPkg.UserNameTest.UserNameCheck(UserNameTest.java:21)
at java.base/jdk.internal.reflect.NativeMethodAccessorImpl.invoke0(Native Method)
at java.base/jdk.internal.reflect.NativeMethodAccessorImpl.invoke(NativeMethodAccessorImpl.java:77)
at java.base/jdk.internal.reflect.DelegatingMethodAccessorImpl.invoke(DelegatingMethodAccessorImpl.java:43)
at java.base/java.lang.reflect.Method.invoke(Method.java:568)
at org.testng.internal.invokers.MethodInvocationHelper.invokeMethod(MethodInvocationHelper.java:139)
at org.testng.internal.invokers.TestInvoker.invokeMethod(TestInvoker.java:664)
at org.testng.internal.invokers.TestInvoker.invokeTestMethod(TestInvoker.java:227)
at org.testng.internal.invokers.MethodRunner.runInSequence(MethodRunner.java:50)
at org.testng.internal.invokers.TestInvoker$MethodInvocationAgent.invoke(TestInvoker.java:957)
at org.testng.internal.invokers.TestInvoker.invokeTestMethods(TestInvoker.java:200)
at org.testng.internal.invokers.TestMethodWorker.invokeTestMethods(TestMethodWorker.java:148)
at org.testng.internal.invokers.TestMethodWorker.run(TestMethodWorker.java:128)
at java.base/java.util.ArrayList.forEach(ArrayList.java:1511)
at org.testng.TestRunner.privateRun(TestRunner.java:848)
at org.testng.TestRunner.run(TestRunner.java:621)
at org.testng.SuiteRunner.runTest(SuiteRunner.java:443)
at org.testng.SuiteRunner.runSequentially(SuiteRunner.java:437)
at org.testng.SuiteRunner.privateRun(SuiteRunner.java:397)
at org.testng.SuiteRunner.run(SuiteRunner.java:336)
at org.testng.SuiteRunnerWorker.runSuite(SuiteRunnerWorker.java:52)
at org.testng.SuiteRunnerWorker.run(SuiteRunnerWorker.java:95)
at org.testng.TestNG.runSuitesSequentially(TestNG.java:1280)
at org.testng.TestNG.runSuitesLocally(TestNG.java:1200)
at org.testng.TestNG.runSuites(TestNG.java:1114)
at org.testng.TestNG.run(TestNG.java:1082)
at org.testng.remote.AbstractRemoteTestNG.run(AbstractRemoteTestNG.java:115)
at org.testng.remote.RemoteTestNG.initAndRun(RemoteTestNG.java:251)
at org.testng.remote.RemoteTestNG.main(RemoteTestNG.java:77)
]]>
            </full-stacktrace>
          </exception> <!-- java.lang.AssertionError -->
          <reporter-output>
          </reporter-output>
        </test-method> <!-- UserNameCheck -->
        <test-method is-config="true" signature="TestFailure(org.testng.ITestResult)[pri:0, instance:testPkg.UserNameTest@304bb45b]" started-at="2023-09-04T00:04:23 IST" name="TestFailure" finished-at="2023-09-04T00:04:23 IST" duration-ms="248" status="PASS">
          <params>
            <param index="0">
              <value>
                <![CDATA[[TestResult name=UserNameCheck status=FAILURE method=UserNameTest.UserNameCheck()[pri:13, instance:testPkg.UserNameTest@304bb45b] output={null}]]]>
              </value>
            </param>
          </params>
          <reporter-output>
          </reporter-output>
        </test-method> <!-- TestFailure -->
        <test-method is-config="true" signature="SiteClose()[pri:0, instance:testPkg.UserNameTest@304bb45b]" started-at="2023-09-04T00:04:23 IST" name="SiteClose" finished-at="2023-09-04T00:04:23 IST" duration-ms="237" status="PASS">
          <reporter-output>
          </reporter-output>
        </test-method> <!-- SiteClose -->
      </class> <!-- testPkg.UserNameTest -->
    </test> <!-- Test -->
  </suite> <!-- Suite -->
</testng-results>
